{"C:\\Users\\rzvbo\\OneDrive\\Desktop\\UBB\\anul 2 - sem 2\\MPP\\A2\\A2_MPP\\backend\\controllers\\f1DriverController.js": {"path":"C:\\Users\\rzvbo\\OneDrive\\Desktop\\UBB\\anul 2 - sem 2\\MPP\\A2\\A2_MPP\\backend\\controllers\\f1DriverController.js","statementMap":{"0":{"start":{"line":1,"column":16},"end":{"line":1,"column":18}},"1":{"start":{"line":3,"column":31},"end":{"line":5,"column":1}},"2":{"start":{"line":4,"column":2},"end":{"line":4,"column":22}},"3":{"start":{"line":7,"column":31},"end":{"line":12,"column":1}},"4":{"start":{"line":8,"column":13},"end":{"line":8,"column":36}},"5":{"start":{"line":9,"column":17},"end":{"line":9,"column":49}},"6":{"start":{"line":9,"column":37},"end":{"line":9,"column":48}},"7":{"start":{"line":10,"column":2},"end":{"line":10,"column":76}},"8":{"start":{"line":10,"column":15},"end":{"line":10,"column":76}},"9":{"start":{"line":11,"column":2},"end":{"line":11,"column":19}},"10":{"start":{"line":14,"column":30},"end":{"line":28,"column":1}},"11":{"start":{"line":15,"column":34},"end":{"line":15,"column":42}},"12":{"start":{"line":17,"column":2},"end":{"line":17,"column":109}},"13":{"start":{"line":17,"column":44},"end":{"line":17,"column":109}},"14":{"start":{"line":18,"column":2},"end":{"line":18,"column":102}},"15":{"start":{"line":18,"column":41},"end":{"line":18,"column":102}},"16":{"start":{"line":19,"column":2},"end":{"line":19,"column":102}},"17":{"start":{"line":19,"column":41},"end":{"line":19,"column":102}},"18":{"start":{"line":20,"column":2},"end":{"line":20,"column":124}},"19":{"start":{"line":20,"column":58},"end":{"line":20,"column":124}},"20":{"start":{"line":22,"column":17},"end":{"line":22,"column":49}},"21":{"start":{"line":22,"column":37},"end":{"line":22,"column":48}},"22":{"start":{"line":23,"column":2},"end":{"line":23,"column":93}},"23":{"start":{"line":23,"column":14},"end":{"line":23,"column":93}},"24":{"start":{"line":25,"column":20},"end":{"line":25,"column":43}},"25":{"start":{"line":26,"column":2},"end":{"line":26,"column":28}},"26":{"start":{"line":27,"column":2},"end":{"line":27,"column":34}},"27":{"start":{"line":30,"column":30},"end":{"line":43,"column":1}},"28":{"start":{"line":31,"column":13},"end":{"line":31,"column":36}},"29":{"start":{"line":32,"column":22},"end":{"line":32,"column":59}},"30":{"start":{"line":32,"column":47},"end":{"line":32,"column":58}},"31":{"start":{"line":33,"column":2},"end":{"line":33,"column":87}},"32":{"start":{"line":33,"column":26},"end":{"line":33,"column":87}},"33":{"start":{"line":35,"column":30},"end":{"line":35,"column":38}},"34":{"start":{"line":37,"column":2},"end":{"line":37,"column":102}},"35":{"start":{"line":37,"column":41},"end":{"line":37,"column":102}},"36":{"start":{"line":38,"column":2},"end":{"line":38,"column":102}},"37":{"start":{"line":38,"column":41},"end":{"line":38,"column":102}},"38":{"start":{"line":39,"column":2},"end":{"line":39,"column":124}},"39":{"start":{"line":39,"column":58},"end":{"line":39,"column":124}},"40":{"start":{"line":41,"column":2},"end":{"line":41,"column":51}},"41":{"start":{"line":42,"column":2},"end":{"line":42,"column":35}},"42":{"start":{"line":45,"column":30},"end":{"line":51,"column":1}},"43":{"start":{"line":46,"column":13},"end":{"line":46,"column":36}},"44":{"start":{"line":47,"column":24},"end":{"line":47,"column":40}},"45":{"start":{"line":48,"column":2},"end":{"line":48,"column":49}},"46":{"start":{"line":48,"column":36},"end":{"line":48,"column":47}},"47":{"start":{"line":49,"column":2},"end":{"line":49,"column":103}},"48":{"start":{"line":49,"column":42},"end":{"line":49,"column":103}},"49":{"start":{"line":50,"column":2},"end":{"line":50,"column":24}}},"fnMap":{"0":{"name":"(anonymous_0)","decl":{"start":{"line":3,"column":31},"end":{"line":3,"column":32}},"loc":{"start":{"line":3,"column":45},"end":{"line":5,"column":1}},"line":3},"1":{"name":"(anonymous_1)","decl":{"start":{"line":7,"column":31},"end":{"line":7,"column":32}},"loc":{"start":{"line":7,"column":45},"end":{"line":12,"column":1}},"line":7},"2":{"name":"(anonymous_2)","decl":{"start":{"line":9,"column":32},"end":{"line":9,"column":33}},"loc":{"start":{"line":9,"column":37},"end":{"line":9,"column":48}},"line":9},"3":{"name":"(anonymous_3)","decl":{"start":{"line":14,"column":30},"end":{"line":14,"column":31}},"loc":{"start":{"line":14,"column":44},"end":{"line":28,"column":1}},"line":14},"4":{"name":"(anonymous_4)","decl":{"start":{"line":22,"column":32},"end":{"line":22,"column":33}},"loc":{"start":{"line":22,"column":37},"end":{"line":22,"column":48}},"line":22},"5":{"name":"(anonymous_5)","decl":{"start":{"line":30,"column":30},"end":{"line":30,"column":31}},"loc":{"start":{"line":30,"column":44},"end":{"line":43,"column":1}},"line":30},"6":{"name":"(anonymous_6)","decl":{"start":{"line":32,"column":42},"end":{"line":32,"column":43}},"loc":{"start":{"line":32,"column":47},"end":{"line":32,"column":58}},"line":32},"7":{"name":"(anonymous_7)","decl":{"start":{"line":45,"column":30},"end":{"line":45,"column":31}},"loc":{"start":{"line":45,"column":44},"end":{"line":51,"column":1}},"line":45},"8":{"name":"(anonymous_8)","decl":{"start":{"line":48,"column":31},"end":{"line":48,"column":32}},"loc":{"start":{"line":48,"column":36},"end":{"line":48,"column":47}},"line":48}},"branchMap":{"0":{"loc":{"start":{"line":10,"column":2},"end":{"line":10,"column":76}},"type":"if","locations":[{"start":{"line":10,"column":2},"end":{"line":10,"column":76}},{"start":{},"end":{}}],"line":10},"1":{"loc":{"start":{"line":17,"column":2},"end":{"line":17,"column":109}},"type":"if","locations":[{"start":{"line":17,"column":2},"end":{"line":17,"column":109}},{"start":{},"end":{}}],"line":17},"2":{"loc":{"start":{"line":17,"column":6},"end":{"line":17,"column":42}},"type":"binary-expr","locations":[{"start":{"line":17,"column":6},"end":{"line":17,"column":16}},{"start":{"line":17,"column":20},"end":{"line":17,"column":42}}],"line":17},"3":{"loc":{"start":{"line":18,"column":2},"end":{"line":18,"column":102}},"type":"if","locations":[{"start":{"line":18,"column":2},"end":{"line":18,"column":102}},{"start":{},"end":{}}],"line":18},"4":{"loc":{"start":{"line":18,"column":6},"end":{"line":18,"column":39}},"type":"binary-expr","locations":[{"start":{"line":18,"column":6},"end":{"line":18,"column":11}},{"start":{"line":18,"column":15},"end":{"line":18,"column":39}}],"line":18},"5":{"loc":{"start":{"line":19,"column":2},"end":{"line":19,"column":102}},"type":"if","locations":[{"start":{"line":19,"column":2},"end":{"line":19,"column":102}},{"start":{},"end":{}}],"line":19},"6":{"loc":{"start":{"line":19,"column":6},"end":{"line":19,"column":39}},"type":"binary-expr","locations":[{"start":{"line":19,"column":6},"end":{"line":19,"column":11}},{"start":{"line":19,"column":15},"end":{"line":19,"column":39}}],"line":19},"7":{"loc":{"start":{"line":20,"column":2},"end":{"line":20,"column":124}},"type":"if","locations":[{"start":{"line":20,"column":2},"end":{"line":20,"column":124}},{"start":{},"end":{}}],"line":20},"8":{"loc":{"start":{"line":20,"column":6},"end":{"line":20,"column":56}},"type":"binary-expr","locations":[{"start":{"line":20,"column":6},"end":{"line":20,"column":17}},{"start":{"line":20,"column":21},"end":{"line":20,"column":44}},{"start":{"line":20,"column":48},"end":{"line":20,"column":56}}],"line":20},"9":{"loc":{"start":{"line":23,"column":2},"end":{"line":23,"column":93}},"type":"if","locations":[{"start":{"line":23,"column":2},"end":{"line":23,"column":93}},{"start":{},"end":{}}],"line":23},"10":{"loc":{"start":{"line":33,"column":2},"end":{"line":33,"column":87}},"type":"if","locations":[{"start":{"line":33,"column":2},"end":{"line":33,"column":87}},{"start":{},"end":{}}],"line":33},"11":{"loc":{"start":{"line":37,"column":2},"end":{"line":37,"column":102}},"type":"if","locations":[{"start":{"line":37,"column":2},"end":{"line":37,"column":102}},{"start":{},"end":{}}],"line":37},"12":{"loc":{"start":{"line":37,"column":6},"end":{"line":37,"column":39}},"type":"binary-expr","locations":[{"start":{"line":37,"column":6},"end":{"line":37,"column":11}},{"start":{"line":37,"column":15},"end":{"line":37,"column":39}}],"line":37},"13":{"loc":{"start":{"line":38,"column":2},"end":{"line":38,"column":102}},"type":"if","locations":[{"start":{"line":38,"column":2},"end":{"line":38,"column":102}},{"start":{},"end":{}}],"line":38},"14":{"loc":{"start":{"line":38,"column":6},"end":{"line":38,"column":39}},"type":"binary-expr","locations":[{"start":{"line":38,"column":6},"end":{"line":38,"column":11}},{"start":{"line":38,"column":15},"end":{"line":38,"column":39}}],"line":38},"15":{"loc":{"start":{"line":39,"column":2},"end":{"line":39,"column":124}},"type":"if","locations":[{"start":{"line":39,"column":2},"end":{"line":39,"column":124}},{"start":{},"end":{}}],"line":39},"16":{"loc":{"start":{"line":39,"column":6},"end":{"line":39,"column":56}},"type":"binary-expr","locations":[{"start":{"line":39,"column":6},"end":{"line":39,"column":17}},{"start":{"line":39,"column":21},"end":{"line":39,"column":44}},{"start":{"line":39,"column":48},"end":{"line":39,"column":56}}],"line":39},"17":{"loc":{"start":{"line":49,"column":2},"end":{"line":49,"column":103}},"type":"if","locations":[{"start":{"line":49,"column":2},"end":{"line":49,"column":103}},{"start":{},"end":{}}],"line":49}},"s":{"0":1,"1":1,"2":1,"3":1,"4":2,"5":2,"6":1,"7":2,"8":1,"9":1,"10":1,"11":5,"12":5,"13":0,"14":5,"15":1,"16":4,"17":0,"18":4,"19":1,"20":3,"21":1,"22":3,"23":1,"24":2,"25":2,"26":2,"27":1,"28":4,"29":4,"30":4,"31":4,"32":1,"33":3,"34":3,"35":1,"36":2,"37":0,"38":2,"39":1,"40":1,"41":1,"42":1,"43":2,"44":2,"45":2,"46":2,"47":2,"48":1,"49":1},"f":{"0":1,"1":2,"2":1,"3":5,"4":1,"5":4,"6":4,"7":2,"8":2},"b":{"0":[1,1],"1":[0,5],"2":[5,5],"3":[1,4],"4":[5,4],"5":[0,4],"6":[4,4],"7":[1,3],"8":[4,4,4],"9":[1,2],"10":[1,3],"11":[1,2],"12":[3,2],"13":[0,2],"14":[2,2],"15":[1,1],"16":[2,1,1],"17":[1,1]},"inputSourceMap":null,"_coverageSchema":"1a1c01bbd47fc00a2c39e90264f33305004495a9","hash":"c469926f973437e2db8f1382309be875e4b82e65"}
,"C:\\Users\\rzvbo\\OneDrive\\Desktop\\UBB\\anul 2 - sem 2\\MPP\\A2\\A2_MPP\\backend\\routes\\f1DriverRoutes.js": {"path":"C:\\Users\\rzvbo\\OneDrive\\Desktop\\UBB\\anul 2 - sem 2\\MPP\\A2\\A2_MPP\\backend\\routes\\f1DriverRoutes.js","statementMap":{"0":{"start":{"line":10,"column":15},"end":{"line":10,"column":31}},"1":{"start":{"line":12,"column":0},"end":{"line":12,"column":42}},"2":{"start":{"line":13,"column":0},"end":{"line":13,"column":46}},"3":{"start":{"line":14,"column":0},"end":{"line":14,"column":42}},"4":{"start":{"line":15,"column":0},"end":{"line":15,"column":45}},"5":{"start":{"line":16,"column":0},"end":{"line":16,"column":48}}},"fnMap":{},"branchMap":{},"s":{"0":1,"1":1,"2":1,"3":1,"4":1,"5":1},"f":{},"b":{},"inputSourceMap":null,"_coverageSchema":"1a1c01bbd47fc00a2c39e90264f33305004495a9","hash":"d9c00d408ef5540e493da75f9b649c8c5834a104"}
}
