TN:
SF:controllers\f1DriverController.js
FN:3,(anonymous_0)
FN:7,(anonymous_1)
FN:9,(anonymous_2)
FN:14,(anonymous_3)
FN:22,(anonymous_4)
FN:30,(anonymous_5)
FN:32,(anonymous_6)
FN:45,(anonymous_7)
FN:48,(anonymous_8)
FNF:9
FNH:9
FNDA:1,(anonymous_0)
FNDA:2,(anonymous_1)
FNDA:1,(anonymous_2)
FNDA:5,(anonymous_3)
FNDA:1,(anonymous_4)
FNDA:4,(anonymous_5)
FNDA:4,(anonymous_6)
FNDA:2,(anonymous_7)
FNDA:2,(anonymous_8)
DA:1,1
DA:3,1
DA:4,1
DA:7,1
DA:8,2
DA:9,2
DA:10,2
DA:11,1
DA:14,1
DA:15,5
DA:17,5
DA:18,5
DA:19,4
DA:20,4
DA:22,3
DA:23,3
DA:25,2
DA:26,2
DA:27,2
DA:30,1
DA:31,4
DA:32,4
DA:33,4
DA:35,3
DA:37,3
DA:38,2
DA:39,2
DA:41,1
DA:42,1
DA:45,1
DA:46,2
DA:47,2
DA:48,2
DA:49,2
DA:50,1
LF:35
LH:35
BRDA:10,0,0,1
BRDA:10,0,1,1
BRDA:17,1,0,0
BRDA:17,1,1,5
BRDA:17,2,0,5
BRDA:17,2,1,5
BRDA:18,3,0,1
BRDA:18,3,1,4
BRDA:18,4,0,5
BRDA:18,4,1,4
BRDA:19,5,0,0
BRDA:19,5,1,4
BRDA:19,6,0,4
BRDA:19,6,1,4
BRDA:20,7,0,1
BRDA:20,7,1,3
BRDA:20,8,0,4
BRDA:20,8,1,4
BRDA:20,8,2,4
BRDA:23,9,0,1
BRDA:23,9,1,2
BRDA:33,10,0,1
BRDA:33,10,1,3
BRDA:37,11,0,1
BRDA:37,11,1,2
BRDA:37,12,0,3
BRDA:37,12,1,2
BRDA:38,13,0,0
BRDA:38,13,1,2
BRDA:38,14,0,2
BRDA:38,14,1,2
BRDA:39,15,0,1
BRDA:39,15,1,1
BRDA:39,16,0,2
BRDA:39,16,1,1
BRDA:39,16,2,1
BRDA:49,17,0,1
BRDA:49,17,1,1
BRF:38
BRH:35
end_of_record
TN:
SF:routes\f1DriverRoutes.js
FNF:0
FNH:0
DA:10,1
DA:12,1
DA:13,1
DA:14,1
DA:15,1
DA:16,1
LF:6
LH:6
BRF:0
BRH:0
end_of_record
